[2025-12-09 15:26:18] Starting Bitcoin price data collection...
[2025-12-09 15:26:19] Initializing database...
[2025-12-09 15:26:19] ERROR: Failed to create database
[2025-12-09 15:27:44] Starting Bitcoin price data collection...
[2025-12-09 15:27:44] Initializing database...
[2025-12-09 15:27:44] Database initialized successfully
[2025-12-09 15:27:44] Fetching data from CoinMarketCap...
[2025-12-09 15:27:44] CoinMarketCap data saved to raw HTML
[2025-12-09 15:27:44] Parsing Bitcoin price data...
[2025-12-09 15:27:44] Data parsed successfully: Price=90308.83, 24h Change=%
[2025-12-09 15:27:44] Inserting data into database...
[2025-12-09 15:27:44] Failed to insert data for 2025-12-09 15:27:44
[2025-12-09 15:27:44] Data collection completed successfully
[2025-12-09 15:28:17] Starting Bitcoin price data collection...
[2025-12-09 15:28:17] Initializing database...
[2025-12-09 15:28:17] Database initialized successfully
[2025-12-09 15:28:17] Fetching data from CoinMarketCap...
[2025-12-09 15:28:18] CoinMarketCap data saved to raw HTML
[2025-12-09 15:28:18] Parsing Bitcoin price data...
[2025-12-09 15:28:18] Data parsed successfully: Price=90308.83, 24h Change=%
[2025-12-09 15:28:18] Inserting data into database...
[2025-12-09 15:28:18] Data inserted successfully: 2025-12-09 15:28:18, 90308.83
[2025-12-09 15:28:18] Data collection completed successfully
[2025-12-09 15:30:23] Starting Bitcoin price data collection...
[2025-12-09 15:30:23] Initializing database...
[2025-12-09 15:30:23] Database initialized successfully
[2025-12-09 15:30:23] Fetching data from CoinMarketCap...
[2025-12-09 15:30:23] CoinMarketCap data saved to raw HTML
[2025-12-09 15:30:23] Parsing Bitcoin price data...
[2025-12-09 15:30:23] Data parsed successfully: Price=90402.19, 24h Change=%
[2025-12-09 15:30:23] Inserting data into database...
[2025-12-09 15:30:23] Data inserted successfully: 2025-12-09 15:30:23, 90402.19
[2025-12-09 15:30:23] Data collection completed successfully
[2025-12-09 15:59:51] Starting Bitcoin price data collection...
[2025-12-09 15:59:51] Initializing database...
[2025-12-09 15:59:51] Database initialized successfully
[2025-12-09 15:59:51] Fetching data from CoinMarketCap...
[2025-12-09 15:59:51] CoinMarketCap data saved to raw HTML
[2025-12-09 15:59:51] Parsing Bitcoin price data...
[2025-12-09 15:59:51] Data parsed successfully: Price=90524.15, 24h Change=%
[2025-12-09 15:59:51] Inserting data into database...
[2025-12-09 15:59:51] Data inserted successfully: 2025-12-09 15:59:51, 90524.15
[2025-12-09 15:59:51] Data collection completed successfully
[2025-12-09 16:00:00] Starting Bitcoin price data collection...
[2025-12-09 16:00:00] Initializing database...
[2025-12-09 16:00:00] Database initialized successfully
[2025-12-09 16:00:00] Fetching data from CoinMarketCap...
[2025-12-09 16:00:00] CoinMarketCap data saved to raw HTML
[2025-12-09 16:00:00] Parsing Bitcoin price data...
[2025-12-09 16:00:00] Data parsed successfully: Price=90524.15, 24h Change=%
[2025-12-09 16:00:00] Inserting data into database...
[2025-12-09 16:00:00] Data inserted successfully: 2025-12-09 16:00:00, 90524.15
[2025-12-09 16:00:00] Data collection completed successfully
[2025-12-09 17:00:01] Starting Bitcoin price data collection...
[2025-12-09 17:00:01] Initializing database...
[2025-12-09 17:00:01] Database initialized successfully
[2025-12-09 17:00:01] Fetching data from CoinMarketCap...
[2025-12-09 17:00:01] CoinMarketCap data saved to raw HTML
[2025-12-09 17:00:01] Parsing Bitcoin price data...
[2025-12-09 17:00:01] Data parsed successfully: Price=90569.75, 24h Change=%
[2025-12-09 17:00:01] Inserting data into database...
[2025-12-09 17:00:01] Data inserted successfully: 2025-12-09 17:00:01, 90569.75
[2025-12-09 17:00:01] Data collection completed successfully
[2025-12-09 17:33:16] Starting Bitcoin price data collection...
[2025-12-09 17:33:16] Initializing database...
[2025-12-09 17:33:16] Database initialized successfully
[2025-12-09 17:33:16] Fetching data from CoinMarketCap...
[2025-12-09 17:33:16] CoinMarketCap data saved to raw HTML
[2025-12-09 17:33:16] Parsing Bitcoin price data...
[2025-12-09 17:33:16] Data parsed successfully: Price=90356.15, 24h Change=%
[2025-12-09 17:33:16] Inserting data into database...
[2025-12-09 17:33:16] Data inserted successfully: 2025-12-09 17:33:16, 90356.15
[2025-12-09 17:33:16] Data collection completed successfully
[2025-12-09 17:33:18] Starting Bitcoin price data collection...
[2025-12-09 17:33:18] Initializing database...
[2025-12-09 17:33:18] Database initialized successfully
[2025-12-09 17:33:18] Fetching data from CoinMarketCap...
[2025-12-09 17:33:18] CoinMarketCap data saved to raw HTML
[2025-12-09 17:33:18] Parsing Bitcoin price data...
[2025-12-09 17:33:19] Data parsed successfully: Price=90356.15, 24h Change=%
[2025-12-09 17:33:19] Inserting data into database...
[2025-12-09 17:33:19] Data inserted successfully: 2025-12-09 17:33:18, 90356.15
[2025-12-09 17:33:19] Data collection completed successfully
[2025-12-09 17:33:21] Starting Bitcoin price data collection...
[2025-12-09 17:33:21] Initializing database...
[2025-12-09 17:33:21] Database initialized successfully
[2025-12-09 17:33:21] Fetching data from CoinMarketCap...
[2025-12-09 17:33:21] CoinMarketCap data saved to raw HTML
[2025-12-09 17:33:21] Parsing Bitcoin price data...
[2025-12-09 17:33:21] Data parsed successfully: Price=90356.15, 24h Change=%
[2025-12-09 17:33:21] Inserting data into database...
[2025-12-09 17:33:21] Data inserted successfully: 2025-12-09 17:33:21, 90356.15
[2025-12-09 17:33:21] Data collection completed successfully
[2025-12-09 17:33:22] Starting Bitcoin price data collection...
[2025-12-09 17:33:22] Initializing database...
[2025-12-09 17:33:22] Database initialized successfully
[2025-12-09 17:33:22] Fetching data from CoinMarketCap...
[2025-12-09 17:33:22] CoinMarketCap data saved to raw HTML
[2025-12-09 17:33:22] Parsing Bitcoin price data...
[2025-12-09 17:33:22] Data parsed successfully: Price=90356.15, 24h Change=%
[2025-12-09 17:33:22] Inserting data into database...
[2025-12-09 17:33:22] Data inserted successfully: 2025-12-09 17:33:22, 90356.15
[2025-12-09 17:33:22] Data collection completed successfully
[2025-12-09 17:33:24] Starting Bitcoin price data collection...
[2025-12-09 17:33:24] Initializing database...
[2025-12-09 17:33:24] Database initialized successfully
[2025-12-09 17:33:24] Fetching data from CoinMarketCap...
[2025-12-09 17:33:25] CoinMarketCap data saved to raw HTML
[2025-12-09 17:33:25] Parsing Bitcoin price data...
[2025-12-09 17:33:25] Data parsed successfully: Price=90356.15, 24h Change=%
[2025-12-09 17:33:25] Inserting data into database...
[2025-12-09 17:33:25] Data inserted successfully: 2025-12-09 17:33:25, 90356.15
[2025-12-09 17:33:25] Data collection completed successfully
[2025-12-09 17:33:27] Starting Bitcoin price data collection...
[2025-12-09 17:33:27] Initializing database...
[2025-12-09 17:33:27] Database initialized successfully
[2025-12-09 17:33:27] Fetching data from CoinMarketCap...
[2025-12-09 17:33:27] CoinMarketCap data saved to raw HTML
[2025-12-09 17:33:27] Parsing Bitcoin price data...
[2025-12-09 17:33:27] Data parsed successfully: Price=90356.15, 24h Change=%
[2025-12-09 17:33:27] Inserting data into database...
[2025-12-09 17:33:27] Data inserted successfully: 2025-12-09 17:33:27, 90356.15
[2025-12-09 17:33:27] Data collection completed successfully
[2025-12-09 17:33:29] Starting Bitcoin price data collection...
[2025-12-09 17:33:29] Initializing database...
[2025-12-09 17:33:29] Database initialized successfully
[2025-12-09 17:33:29] Fetching data from CoinMarketCap...
[2025-12-09 17:33:29] CoinMarketCap data saved to raw HTML
[2025-12-09 17:33:29] Parsing Bitcoin price data...
[2025-12-09 17:33:29] Data parsed successfully: Price=90356.15, 24h Change=%
[2025-12-09 17:33:29] Inserting data into database...
[2025-12-09 17:33:29] Data inserted successfully: 2025-12-09 17:33:29, 90356.15
[2025-12-09 17:33:29] Data collection completed successfully
[2025-12-09 17:33:31] Starting Bitcoin price data collection...
[2025-12-09 17:33:31] Initializing database...
[2025-12-09 17:33:32] Database initialized successfully
[2025-12-09 17:33:32] Fetching data from CoinMarketCap...
[2025-12-09 17:33:32] CoinMarketCap data saved to raw HTML
[2025-12-09 17:33:32] Parsing Bitcoin price data...
[2025-12-09 17:33:32] Data parsed successfully: Price=90356.15, 24h Change=%
[2025-12-09 17:33:32] Inserting data into database...
[2025-12-09 17:33:32] Data inserted successfully: 2025-12-09 17:33:32, 90356.15
[2025-12-09 17:33:32] Data collection completed successfully
[2025-12-09 17:33:34] Starting Bitcoin price data collection...
[2025-12-09 17:33:34] Initializing database...
[2025-12-09 17:33:34] Database initialized successfully
[2025-12-09 17:33:34] Fetching data from CoinMarketCap...
[2025-12-09 17:33:34] CoinMarketCap data saved to raw HTML
[2025-12-09 17:33:34] Parsing Bitcoin price data...
[2025-12-09 17:33:34] Data parsed successfully: Price=90356.15, 24h Change=%
[2025-12-09 17:33:34] Inserting data into database...
[2025-12-09 17:33:34] Data inserted successfully: 2025-12-09 17:33:34, 90356.15
[2025-12-09 17:33:34] Data collection completed successfully
[2025-12-09 17:33:36] Starting Bitcoin price data collection...
[2025-12-09 17:33:36] Initializing database...
[2025-12-09 17:33:36] Database initialized successfully
[2025-12-09 17:33:36] Fetching data from CoinMarketCap...
[2025-12-09 17:33:36] CoinMarketCap data saved to raw HTML
[2025-12-09 17:33:36] Parsing Bitcoin price data...
[2025-12-09 17:33:36] Data parsed successfully: Price=90356.15, 24h Change=%
[2025-12-09 17:33:36] Inserting data into database...
[2025-12-09 17:33:37] Data inserted successfully: 2025-12-09 17:33:36, 90356.15
[2025-12-09 17:33:37] Data collection completed successfully
[2025-12-09 18:00:01] Starting Bitcoin price data collection...
[2025-12-09 18:00:01] Initializing database...
[2025-12-09 18:00:01] Database initialized successfully
[2025-12-09 18:00:01] Fetching data from CoinMarketCap...
[2025-12-09 18:00:03] CoinMarketCap data saved to raw HTML
[2025-12-09 18:00:03] Parsing Bitcoin price data...
[2025-12-09 18:00:03] Data parsed successfully: Price=90198.48, 24h Change=%
[2025-12-09 18:00:03] Inserting data into database...
[2025-12-09 18:00:03] Data inserted successfully: 2025-12-09 18:00:03, 90198.48
[2025-12-09 18:00:03] Data collection completed successfully
[2025-12-09 19:00:11] Starting Bitcoin price data collection...
[2025-12-09 19:00:15] Initializing database...
[2025-12-09 19:00:15] Database initialized successfully
[2025-12-09 19:00:15] Fetching data from CoinMarketCap...
[2025-12-09 19:06:25] CoinMarketCap data saved to raw HTML
[2025-12-09 19:06:25] Parsing Bitcoin price data...
[2025-12-09 19:06:25] Data parsed successfully: Price=90199.07, 24h Change=%
[2025-12-09 19:06:25] Inserting data into database...
[2025-12-09 19:06:25] Data inserted successfully: 2025-12-09 19:06:25, 90199.07
[2025-12-09 19:06:25] Data collection completed successfully
[2025-12-09 20:00:01] Starting Bitcoin price data collection...
[2025-12-09 20:00:11] ERROR: Network connection is down
[2025-12-09 21:00:01] Starting Bitcoin price data collection...
[2025-12-09 21:00:01] Initializing database...
[2025-12-09 21:00:01] Database initialized successfully
[2025-12-09 21:00:01] Fetching data from CoinMarketCap...
[2025-12-09 21:00:02] CoinMarketCap data saved to raw HTML
[2025-12-09 21:00:02] Parsing Bitcoin price data...
[2025-12-09 21:00:02] Data parsed successfully: Price=90645.50, 24h Change=%
[2025-12-09 21:00:02] Inserting data into database...
[2025-12-09 21:00:02] Data inserted successfully: 2025-12-09 21:00:02, 90645.50
[2025-12-09 21:00:02] Data collection completed successfully
[2025-12-09 22:00:01] Starting Bitcoin price data collection...
[2025-12-09 22:00:01] Initializing database...
[2025-12-09 22:00:01] Database initialized successfully
[2025-12-09 22:00:01] Fetching data from CoinMarketCap...
[2025-12-09 22:00:01] CoinMarketCap data saved to raw HTML
[2025-12-09 22:00:01] Parsing Bitcoin price data...
[2025-12-09 22:00:01] Data parsed successfully: Price=90342.64, 24h Change=%
[2025-12-09 22:00:01] Inserting data into database...
[2025-12-09 22:00:01] Data inserted successfully: 2025-12-09 22:00:01, 90342.64
[2025-12-09 22:00:01] Data collection completed successfully
[2025-12-09 23:00:00] Starting Bitcoin price data collection...
[2025-12-09 23:00:00] Initializing database...
[2025-12-09 23:00:00] Database initialized successfully
[2025-12-09 23:00:00] Fetching data from CoinMarketCap...
[2025-12-09 23:00:01] CoinMarketCap data saved to raw HTML
[2025-12-09 23:00:01] Parsing Bitcoin price data...
[2025-12-09 23:00:01] Data parsed successfully: Price=90235.16, 24h Change=%
[2025-12-09 23:00:01] Inserting data into database...
[2025-12-09 23:00:01] Data inserted successfully: 2025-12-09 23:00:01, 90235.16
[2025-12-09 23:00:01] Data collection completed successfully
[2025-12-10 00:00:00] Starting Bitcoin price data collection...
[2025-12-10 00:00:00] Initializing database...
[2025-12-10 00:00:00] Database initialized successfully
[2025-12-10 00:00:00] Fetching data from CoinMarketCap...
[2025-12-10 00:00:01] CoinMarketCap data saved to raw HTML
[2025-12-10 00:00:01] Parsing Bitcoin price data...
[2025-12-10 00:00:01] Data parsed successfully: Price=92678.92, 24h Change=%
[2025-12-10 00:00:01] Inserting data into database...
[2025-12-10 00:00:01] Data inserted successfully: 2025-12-10 00:00:01, 92678.92
[2025-12-10 00:00:01] Data collection completed successfully
[2025-12-10 01:00:00] Starting Bitcoin price data collection...
[2025-12-10 01:00:00] Initializing database...
[2025-12-10 01:00:00] Database initialized successfully
[2025-12-10 01:00:00] Fetching data from CoinMarketCap...
[2025-12-10 01:00:00] CoinMarketCap data saved to raw HTML
[2025-12-10 01:00:00] Parsing Bitcoin price data...
[2025-12-10 01:00:00] Data parsed successfully: Price=94243.70, 24h Change=%
[2025-12-10 01:00:00] Inserting data into database...
[2025-12-10 01:00:00] Data inserted successfully: 2025-12-10 01:00:00, 94243.70
[2025-12-10 01:00:00] Data collection completed successfully
[2025-12-10 02:00:00] Starting Bitcoin price data collection...
[2025-12-10 02:00:00] Initializing database...
[2025-12-10 02:00:00] Database initialized successfully
[2025-12-10 02:00:00] Fetching data from CoinMarketCap...
[2025-12-10 02:00:01] CoinMarketCap data saved to raw HTML
[2025-12-10 02:00:01] Parsing Bitcoin price data...
[2025-12-10 02:00:01] Data parsed successfully: Price=93972.27, 24h Change=%
[2025-12-10 02:00:01] Inserting data into database...
[2025-12-10 02:00:01] Data inserted successfully: 2025-12-10 02:00:01, 93972.27
[2025-12-10 02:00:01] Data collection completed successfully
[2025-12-10 03:00:00] Starting Bitcoin price data collection...
[2025-12-10 03:00:00] Initializing database...
[2025-12-10 03:00:00] Database initialized successfully
[2025-12-10 03:00:00] Fetching data from CoinMarketCap...
[2025-12-10 03:00:00] CoinMarketCap data saved to raw HTML
[2025-12-10 03:00:00] Parsing Bitcoin price data...
[2025-12-10 03:00:00] Data parsed successfully: Price=93962.75, 24h Change=%
[2025-12-10 03:00:00] Inserting data into database...
[2025-12-10 03:00:00] Data inserted successfully: 2025-12-10 03:00:00, 93962.75
[2025-12-10 03:00:00] Data collection completed successfully
[2025-12-10 04:00:01] Starting Bitcoin price data collection...
[2025-12-10 04:00:01] Initializing database...
[2025-12-10 04:00:01] Database initialized successfully
[2025-12-10 04:00:01] Fetching data from CoinMarketCap...
[2025-12-10 04:00:01] CoinMarketCap data saved to raw HTML
[2025-12-10 04:00:01] Parsing Bitcoin price data...
[2025-12-10 04:00:01] Data parsed successfully: Price=93912.38, 24h Change=%
[2025-12-10 04:00:01] Inserting data into database...
[2025-12-10 04:00:01] Data inserted successfully: 2025-12-10 04:00:01, 93912.38
[2025-12-10 04:00:01] Data collection completed successfully
[2025-12-10 05:00:01] Starting Bitcoin price data collection...
[2025-12-10 05:00:01] Initializing database...
[2025-12-10 05:00:01] Database initialized successfully
[2025-12-10 05:00:01] Fetching data from CoinMarketCap...
[2025-12-10 05:00:02] CoinMarketCap data saved to raw HTML
[2025-12-10 05:00:02] Parsing Bitcoin price data...
[2025-12-10 05:00:02] Data parsed successfully: Price=93091.13, 24h Change=%
[2025-12-10 05:00:02] Inserting data into database...
[2025-12-10 05:00:02] Data inserted successfully: 2025-12-10 05:00:02, 93091.13
[2025-12-10 05:00:02] Data collection completed successfully
[2025-12-10 06:00:01] Starting Bitcoin price data collection...
[2025-12-10 06:00:01] Initializing database...
[2025-12-10 06:00:01] Database initialized successfully
[2025-12-10 06:00:01] Fetching data from CoinMarketCap...
[2025-12-10 06:00:02] CoinMarketCap data saved to raw HTML
[2025-12-10 06:00:02] Parsing Bitcoin price data...
[2025-12-10 06:00:02] Data parsed successfully: Price=92405.61, 24h Change=%
[2025-12-10 06:00:02] Inserting data into database...
[2025-12-10 06:00:02] Data inserted successfully: 2025-12-10 06:00:02, 92405.61
[2025-12-10 06:00:02] Data collection completed successfully
[2025-12-10 07:00:00] Starting Bitcoin price data collection...
[2025-12-10 07:00:00] Initializing database...
[2025-12-10 07:00:00] Database initialized successfully
[2025-12-10 07:00:00] Fetching data from CoinMarketCap...
[2025-12-10 07:00:00] CoinMarketCap data saved to raw HTML
[2025-12-10 07:00:00] Parsing Bitcoin price data...
[2025-12-10 07:00:00] Data parsed successfully: Price=92890.73, 24h Change=%
[2025-12-10 07:00:00] Inserting data into database...
[2025-12-10 07:00:01] Data inserted successfully: 2025-12-10 07:00:00, 92890.73
[2025-12-10 07:00:01] Data collection completed successfully
[2025-12-10 08:00:01] Starting Bitcoin price data collection...
[2025-12-10 08:00:01] Initializing database...
[2025-12-10 08:00:01] Database initialized successfully
[2025-12-10 08:00:01] Fetching data from CoinMarketCap...
[2025-12-10 08:00:01] CoinMarketCap data saved to raw HTML
[2025-12-10 08:00:01] Parsing Bitcoin price data...
[2025-12-10 08:00:02] Data parsed successfully: Price=92753.97, 24h Change=%
[2025-12-10 08:00:02] Inserting data into database...
[2025-12-10 08:00:02] Data inserted successfully: 2025-12-10 08:00:01, 92753.97
[2025-12-10 08:00:02] Data collection completed successfully
[2025-12-10 09:00:00] Starting Bitcoin price data collection...
[2025-12-10 09:00:00] Initializing database...
[2025-12-10 09:00:00] Database initialized successfully
[2025-12-10 09:00:00] Fetching data from CoinMarketCap...
[2025-12-10 09:00:01] CoinMarketCap data saved to raw HTML
[2025-12-10 09:00:01] Parsing Bitcoin price data...
[2025-12-10 09:00:01] Data parsed successfully: Price=92300.97, 24h Change=%
[2025-12-10 09:00:01] Inserting data into database...
[2025-12-10 09:00:01] Data inserted successfully: 2025-12-10 09:00:01, 92300.97
[2025-12-10 09:00:01] Data collection completed successfully
[2025-12-10 10:00:01] Starting Bitcoin price data collection...
[2025-12-10 10:00:02] Initializing database...
[2025-12-10 10:00:02] Database initialized successfully
[2025-12-10 10:00:02] Fetching data from CoinMarketCap...
[2025-12-10 10:00:02] CoinMarketCap data saved to raw HTML
[2025-12-10 10:00:02] Parsing Bitcoin price data...
[2025-12-10 10:00:02] Data parsed successfully: Price=92340.68, 24h Change=%
[2025-12-10 10:00:02] Inserting data into database...
[2025-12-10 10:00:02] Data inserted successfully: 2025-12-10 10:00:02, 92340.68
[2025-12-10 10:00:02] Data collection completed successfully
[2025-12-10 11:00:01] Starting Bitcoin price data collection...
[2025-12-10 11:00:01] Initializing database...
[2025-12-10 11:00:01] Database initialized successfully
[2025-12-10 11:00:01] Fetching data from CoinMarketCap...
[2025-12-10 11:00:01] CoinMarketCap data saved to raw HTML
[2025-12-10 11:00:01] Parsing Bitcoin price data...
[2025-12-10 11:00:02] Data parsed successfully: Price=92322.04, 24h Change=%
[2025-12-10 11:00:02] Inserting data into database...
[2025-12-10 11:00:02] Data inserted successfully: 2025-12-10 11:00:02, 92322.04
[2025-12-10 11:00:02] Data collection completed successfully
[2025-12-10 12:00:01] Starting Bitcoin price data collection...
[2025-12-10 12:00:01] Initializing database...
[2025-12-10 12:00:01] Database initialized successfully
[2025-12-10 12:00:01] Fetching data from CoinMarketCap...
[2025-12-10 12:00:01] CoinMarketCap data saved to raw HTML
[2025-12-10 12:00:01] Parsing Bitcoin price data...
[2025-12-10 12:00:02] Data parsed successfully: Price=92428.37, 24h Change=%
[2025-12-10 12:00:02] Inserting data into database...
[2025-12-10 12:00:02] Data inserted successfully: 2025-12-10 12:00:01, 92428.37
[2025-12-10 12:00:02] Data collection completed successfully
[2025-12-10 13:00:01] Starting Bitcoin price data collection...
[2025-12-10 13:00:01] Initializing database...
[2025-12-10 13:00:01] Database initialized successfully
[2025-12-10 13:00:01] Fetching data from CoinMarketCap...
[2025-12-10 13:00:01] CoinMarketCap data saved to raw HTML
[2025-12-10 13:00:01] Parsing Bitcoin price data...
[2025-12-10 13:00:01] Data parsed successfully: Price=92604.46, 24h Change=%
[2025-12-10 13:00:01] Inserting data into database...
[2025-12-10 13:00:01] Data inserted successfully: 2025-12-10 13:00:01, 92604.46
[2025-12-10 13:00:01] Data collection completed successfully
[2025-12-10 14:00:01] Starting Bitcoin price data collection...
[2025-12-10 14:00:01] Initializing database...
[2025-12-10 14:00:01] Database initialized successfully
[2025-12-10 14:00:01] Fetching data from CoinMarketCap...
[2025-12-10 14:00:02] CoinMarketCap data saved to raw HTML
[2025-12-10 14:00:02] Parsing Bitcoin price data...
[2025-12-10 14:00:02] Data parsed successfully: Price=92573.42, 24h Change=%
[2025-12-10 14:00:02] Inserting data into database...
[2025-12-10 14:00:02] Data inserted successfully: 2025-12-10 14:00:02, 92573.42
[2025-12-10 14:00:02] Data collection completed successfully
[2025-12-10 15:00:01] Starting Bitcoin price data collection...
[2025-12-10 15:00:01] Initializing database...
[2025-12-10 15:00:01] Database initialized successfully
[2025-12-10 15:00:01] Fetching data from CoinMarketCap...
[2025-12-10 15:00:02] CoinMarketCap data saved to raw HTML
[2025-12-10 15:00:02] Parsing Bitcoin price data...
[2025-12-10 15:00:02] Data parsed successfully: Price=92703.98, 24h Change=%
[2025-12-10 15:00:02] Inserting data into database...
[2025-12-10 15:00:02] Data inserted successfully: 2025-12-10 15:00:02, 92703.98
[2025-12-10 15:00:02] Data collection completed successfully
[2025-12-10 16:00:01] Starting Bitcoin price data collection...
[2025-12-10 16:00:01] Initializing database...
[2025-12-10 16:00:01] Database initialized successfully
[2025-12-10 16:00:01] Fetching data from CoinMarketCap...
[2025-12-10 16:00:01] CoinMarketCap data saved to raw HTML
[2025-12-10 16:00:01] Parsing Bitcoin price data...
[2025-12-10 16:00:01] Data parsed successfully: Price=92694.05, 24h Change=%
[2025-12-10 16:00:01] Inserting data into database...
[2025-12-10 16:00:01] Data inserted successfully: 2025-12-10 16:00:01, 92694.05
[2025-12-10 16:00:01] Data collection completed successfully
[2025-12-10 17:00:01] Starting Bitcoin price data collection...
[2025-12-10 17:00:01] Initializing database...
[2025-12-10 17:00:01] Database initialized successfully
[2025-12-10 17:00:01] Fetching data from CoinMarketCap...
[2025-12-10 17:00:01] CoinMarketCap data saved to raw HTML
[2025-12-10 17:00:01] Parsing Bitcoin price data...
[2025-12-10 17:00:01] Data parsed successfully: Price=92639.79, 24h Change=%
[2025-12-10 17:00:01] Inserting data into database...
[2025-12-10 17:00:01] Data inserted successfully: 2025-12-10 17:00:01, 92639.79
[2025-12-10 17:00:01] Data collection completed successfully
[2025-12-10 18:00:01] Starting Bitcoin price data collection...
[2025-12-10 18:00:01] Initializing database...
[2025-12-10 18:00:01] Database initialized successfully
[2025-12-10 18:00:01] Fetching data from CoinMarketCap...
[2025-12-10 18:00:01] CoinMarketCap data saved to raw HTML
[2025-12-10 18:00:01] Parsing Bitcoin price data...
[2025-12-10 18:00:02] Data parsed successfully: Price=92869.49, 24h Change=%
[2025-12-10 18:00:02] Inserting data into database...
[2025-12-10 18:00:02] Data inserted successfully: 2025-12-10 18:00:01, 92869.49
[2025-12-10 18:00:02] Data collection completed successfully
[2025-12-10 19:00:01] Starting Bitcoin price data collection...
[2025-12-10 19:00:01] Initializing database...
[2025-12-10 19:00:01] Database initialized successfully
[2025-12-10 19:00:01] Fetching data from CoinMarketCap...
[2025-12-10 19:00:01] CoinMarketCap data saved to raw HTML
[2025-12-10 19:00:01] Parsing Bitcoin price data...
[2025-12-10 19:00:01] Data parsed successfully: Price=92334.33, 24h Change=%
[2025-12-10 19:00:01] Inserting data into database...
[2025-12-10 19:00:01] Data inserted successfully: 2025-12-10 19:00:01, 92334.33
[2025-12-10 19:00:01] Data collection completed successfully
[2025-12-10 20:00:00] Starting Bitcoin price data collection...
[2025-12-10 20:00:00] Initializing database...
[2025-12-10 20:00:00] Database initialized successfully
[2025-12-10 20:00:00] Fetching data from CoinMarketCap...
[2025-12-10 20:00:01] CoinMarketCap data saved to raw HTML
[2025-12-10 20:00:01] Parsing Bitcoin price data...
[2025-12-10 20:00:01] Data parsed successfully: Price=92123.77, 24h Change=%
[2025-12-10 20:00:01] Inserting data into database...
[2025-12-10 20:00:01] Data inserted successfully: 2025-12-10 20:00:01, 92123.77
[2025-12-10 20:00:01] Data collection completed successfully
[2025-12-10 21:00:01] Starting Bitcoin price data collection...
[2025-12-10 21:00:01] Initializing database...
[2025-12-10 21:00:01] Database initialized successfully
[2025-12-10 21:00:01] Fetching data from CoinMarketCap...
[2025-12-10 21:00:01] CoinMarketCap data saved to raw HTML
[2025-12-10 21:00:01] Parsing Bitcoin price data...
[2025-12-10 21:00:01] Data parsed successfully: Price=91967.57, 24h Change=%
[2025-12-10 21:00:01] Inserting data into database...
[2025-12-10 21:00:01] Data inserted successfully: 2025-12-10 21:00:01, 91967.57
[2025-12-10 21:00:01] Data collection completed successfully
[2025-12-10 22:00:01] Starting Bitcoin price data collection...
[2025-12-10 22:00:09] ERROR: Network connection is down
[2025-12-10 23:00:01] Starting Bitcoin price data collection...
[2025-12-10 23:00:11] ERROR: Network connection is down
[2025-12-11 00:00:01] Starting Bitcoin price data collection...
[2025-12-11 00:00:01] Initializing database...
[2025-12-11 00:00:02] Database initialized successfully
[2025-12-11 00:00:02] Fetching data from CoinMarketCap...
[2025-12-11 00:00:03] CoinMarketCap data saved to raw HTML
[2025-12-11 00:00:03] Parsing Bitcoin price data...
[2025-12-11 00:00:01] Data parsed successfully: Price=91972.86, 24h Change=%
[2025-12-11 00:00:01] Inserting data into database...
[2025-12-11 00:00:01] Data inserted successfully: 2025-12-11 00:00:03, 91972.86
[2025-12-11 00:00:01] Data collection completed successfully
[2025-12-11 01:00:01] Starting Bitcoin price data collection...
[2025-12-11 01:00:01] Initializing database...
[2025-12-11 01:00:01] Database initialized successfully
[2025-12-11 01:00:01] Fetching data from CoinMarketCap...
[2025-12-11 01:00:01] CoinMarketCap data saved to raw HTML
[2025-12-11 01:00:01] Parsing Bitcoin price data...
[2025-12-11 01:00:02] Data parsed successfully: Price=92329.16, 24h Change=%
[2025-12-11 01:00:02] Inserting data into database...
[2025-12-11 01:00:02] Data inserted successfully: 2025-12-11 01:00:01, 92329.16
[2025-12-11 01:00:02] Data collection completed successfully
[2025-12-11 02:00:01] Starting Bitcoin price data collection...
[2025-12-11 02:00:01] Initializing database...
[2025-12-11 02:00:01] Database initialized successfully
[2025-12-11 02:00:01] Fetching data from CoinMarketCap...
[2025-12-11 02:00:01] CoinMarketCap data saved to raw HTML
[2025-12-11 02:00:01] Parsing Bitcoin price data...
[2025-12-11 02:00:01] Data parsed successfully: Price=92426.40, 24h Change=%
[2025-12-11 02:00:01] Inserting data into database...
[2025-12-11 02:00:01] Data inserted successfully: 2025-12-11 02:00:01, 92426.40
[2025-12-11 02:00:01] Data collection completed successfully
[2025-12-11 03:00:01] Starting Bitcoin price data collection...
[2025-12-11 03:00:01] Initializing database...
[2025-12-11 03:00:01] Database initialized successfully
[2025-12-11 03:00:01] Fetching data from CoinMarketCap...
[2025-12-11 03:00:02] CoinMarketCap data saved to raw HTML
[2025-12-11 03:00:02] Parsing Bitcoin price data...
[2025-12-11 03:00:02] Data parsed successfully: Price=92473.15, 24h Change=%
[2025-12-11 03:00:02] Inserting data into database...
[2025-12-11 03:00:02] Data inserted successfully: 2025-12-11 03:00:02, 92473.15
[2025-12-11 03:00:02] Data collection completed successfully
[2025-12-11 04:00:01] Starting Bitcoin price data collection...
[2025-12-11 04:00:01] Initializing database...
[2025-12-11 04:00:01] Database initialized successfully
[2025-12-11 04:00:01] Fetching data from CoinMarketCap...
[2025-12-11 04:00:02] CoinMarketCap data saved to raw HTML
[2025-12-11 04:00:02] Parsing Bitcoin price data...
[2025-12-11 04:00:02] Data parsed successfully: Price=92896.79, 24h Change=%
[2025-12-11 04:00:02] Inserting data into database...
[2025-12-11 04:00:02] Data inserted successfully: 2025-12-11 04:00:02, 92896.79
[2025-12-11 04:00:02] Data collection completed successfully
[2025-12-11 05:00:01] Starting Bitcoin price data collection...
[2025-12-11 05:00:01] Initializing database...
[2025-12-11 05:00:01] Database initialized successfully
[2025-12-11 05:00:01] Fetching data from CoinMarketCap...
[2025-12-11 05:00:01] CoinMarketCap data saved to raw HTML
[2025-12-11 05:00:01] Parsing Bitcoin price data...
[2025-12-11 05:00:01] Data parsed successfully: Price=92590.39, 24h Change=%
[2025-12-11 05:00:01] Inserting data into database...
[2025-12-11 05:00:01] Data inserted successfully: 2025-12-11 05:00:01, 92590.39
[2025-12-11 05:00:01] Data collection completed successfully
[2025-12-11 06:00:01] Starting Bitcoin price data collection...
[2025-12-11 06:00:01] Initializing database...
[2025-12-11 06:00:01] Database initialized successfully
[2025-12-11 06:00:01] Fetching data from CoinMarketCap...
[2025-12-11 06:00:02] CoinMarketCap data saved to raw HTML
[2025-12-11 06:00:02] Parsing Bitcoin price data...
[2025-12-11 06:00:02] Data parsed successfully: Price=92662.74, 24h Change=%
[2025-12-11 06:00:02] Inserting data into database...
[2025-12-11 06:00:02] Data inserted successfully: 2025-12-11 06:00:02, 92662.74
[2025-12-11 06:00:02] Data collection completed successfully
[2025-12-11 08:50:24] Starting Bitcoin price data collection...
[2025-12-11 08:50:24] Initializing database...
[2025-12-11 08:50:24] Database initialized successfully
[2025-12-11 08:50:24] Fetching data from CoinMarketCap...
[2025-12-11 08:50:24] CoinMarketCap data saved to raw HTML
[2025-12-11 08:50:24] Parsing Bitcoin price data...
[2025-12-11 08:50:25] Data parsed successfully: Price=91385.22, 24h Change=%
[2025-12-11 08:50:25] Inserting data into database...
[2025-12-11 08:50:25] Data inserted successfully: 2025-12-11 08:50:24, 91385.22
[2025-12-11 08:50:25] Data collection completed successfully
[2025-12-11 09:00:01] Starting Bitcoin price data collection...
[2025-12-11 09:00:02] Initializing database...
[2025-12-11 09:00:02] Database initialized successfully
[2025-12-11 09:00:02] Fetching data from CoinMarketCap...
[2025-12-11 09:00:03] CoinMarketCap data saved to raw HTML
[2025-12-11 09:00:03] Parsing Bitcoin price data...
[2025-12-11 09:00:03] Data parsed successfully: Price=91401.50, 24h Change=%
[2025-12-11 09:00:03] Inserting data into database...
[2025-12-11 09:00:03] Data inserted successfully: 2025-12-11 09:00:03, 91401.50
[2025-12-11 09:00:03] Data collection completed successfully
[2025-12-11 10:00:01] Starting Bitcoin price data collection...
[2025-12-11 10:00:01] Initializing database...
[2025-12-11 10:00:02] Database initialized successfully
[2025-12-11 10:00:02] Fetching data from CoinMarketCap...
[2025-12-11 10:00:02] CoinMarketCap data saved to raw HTML
[2025-12-11 10:00:02] Parsing Bitcoin price data...
[2025-12-11 10:00:02] Data parsed successfully: Price=90824.54, 24h Change=%
[2025-12-11 10:00:02] Inserting data into database...
[2025-12-11 10:00:02] Data inserted successfully: 2025-12-11 10:00:02, 90824.54
[2025-12-11 10:00:02] Data collection completed successfully
[2025-12-11 11:00:00] Starting Bitcoin price data collection...
[2025-12-11 11:00:01] Initializing database...
[2025-12-11 11:00:01] Database initialized successfully
[2025-12-11 11:00:01] Fetching data from CoinMarketCap...
[2025-12-11 11:00:01] CoinMarketCap data saved to raw HTML
[2025-12-11 11:00:01] Parsing Bitcoin price data...
[2025-12-11 11:00:01] Data parsed successfully: Price=90077.01, 24h Change=%
[2025-12-11 11:00:01] Inserting data into database...
[2025-12-11 11:00:01] Data inserted successfully: 2025-12-11 11:00:01, 90077.01
[2025-12-11 11:00:01] Data collection completed successfully
[2025-12-11 12:00:01] Starting Bitcoin price data collection...
[2025-12-11 12:00:01] Initializing database...
[2025-12-11 12:00:01] Database initialized successfully
[2025-12-11 12:00:01] Fetching data from CoinMarketCap...
[2025-12-11 12:00:02] CoinMarketCap data saved to raw HTML
[2025-12-11 12:00:02] Parsing Bitcoin price data...
[2025-12-11 12:00:03] Data parsed successfully: Price=89850.84, 24h Change=%
[2025-12-11 12:00:03] Inserting data into database...
[2025-12-11 12:00:03] Data inserted successfully: 2025-12-11 12:00:02, 89850.84
[2025-12-11 12:00:03] Data collection completed successfully
[2025-12-11 13:00:01] Starting Bitcoin price data collection...
[2025-12-11 13:00:02] Initializing database...
[2025-12-11 13:00:02] Database initialized successfully
[2025-12-11 13:00:02] Fetching data from CoinMarketCap...
[2025-12-11 13:00:02] CoinMarketCap data saved to raw HTML
[2025-12-11 13:00:02] Parsing Bitcoin price data...
[2025-12-11 13:00:02] Data parsed successfully: Price=90404.22, 24h Change=%
[2025-12-11 13:00:02] Inserting data into database...
[2025-12-11 13:00:02] Data inserted successfully: 2025-12-11 13:00:02, 90404.22
[2025-12-11 13:00:02] Data collection completed successfully
[2025-12-11 14:00:01] Starting Bitcoin price data collection...
[2025-12-11 14:00:01] Initializing database...
[2025-12-11 14:00:01] Database initialized successfully
[2025-12-11 14:00:01] Fetching data from CoinMarketCap...
[2025-12-11 14:00:02] CoinMarketCap data saved to raw HTML
[2025-12-11 14:00:02] Parsing Bitcoin price data...
[2025-12-11 14:00:02] Data parsed successfully: Price=90338.17, 24h Change=%
[2025-12-11 14:00:02] Inserting data into database...
[2025-12-11 14:00:02] Data inserted successfully: 2025-12-11 14:00:02, 90338.17
[2025-12-11 14:00:02] Data collection completed successfully
[2025-12-11 15:00:00] Starting Bitcoin price data collection...
[2025-12-11 15:00:00] Initializing database...
[2025-12-11 15:00:00] Database initialized successfully
[2025-12-11 15:00:00] Fetching data from CoinMarketCap...
[2025-12-11 15:00:01] CoinMarketCap data saved to raw HTML
[2025-12-11 15:00:01] Parsing Bitcoin price data...
[2025-12-11 15:00:01] Data parsed successfully: Price=90251.25, 24h Change=%
[2025-12-11 15:00:01] Inserting data into database...
[2025-12-11 15:00:01] Data inserted successfully: 2025-12-11 15:00:01, 90251.25
[2025-12-11 15:00:01] Data collection completed successfully
[2025-12-11 16:00:01] Starting Bitcoin price data collection...
[2025-12-11 16:00:01] Initializing database...
[2025-12-11 16:00:01] Database initialized successfully
[2025-12-11 16:00:01] Fetching data from CoinMarketCap...
[2025-12-11 16:00:02] CoinMarketCap data saved to raw HTML
[2025-12-11 16:00:02] Parsing Bitcoin price data...
[2025-12-11 16:00:02] Data parsed successfully: Price=90257.89, 24h Change=%
[2025-12-11 16:00:02] Inserting data into database...
[2025-12-11 16:00:02] Data inserted successfully: 2025-12-11 16:00:02, 90257.89
[2025-12-11 16:00:02] Data collection completed successfully
[2025-12-11 17:00:01] Starting Bitcoin price data collection...
[2025-12-11 17:00:02] Initializing database...
[2025-12-11 17:00:02] Database initialized successfully
[2025-12-11 17:00:02] Fetching data from CoinMarketCap...
[2025-12-11 17:00:06] CoinMarketCap data saved to raw HTML
[2025-12-11 17:00:06] Parsing Bitcoin price data...
[2025-12-11 17:00:06] Data parsed successfully: Price=90193.20, 24h Change=%
[2025-12-11 17:00:06] Inserting data into database...
[2025-12-11 17:00:06] Data inserted successfully: 2025-12-11 17:00:06, 90193.20
[2025-12-11 17:00:06] Data collection completed successfully
[2025-12-11 18:00:01] Starting Bitcoin price data collection...
[2025-12-11 18:00:11] ERROR: Network connection is down
[2025-12-11 19:00:02] Starting Bitcoin price data collection...
[2025-12-11 19:00:12] ERROR: Network connection is down
[2025-12-11 21:00:01] Starting Bitcoin price data collection...
[2025-12-11 21:00:01] Initializing database...
[2025-12-11 21:00:01] Database initialized successfully
[2025-12-11 21:00:01] Fetching data from CoinMarketCap...
[2025-12-11 21:00:03] CoinMarketCap data saved to raw HTML
[2025-12-11 21:00:03] Parsing Bitcoin price data...
[2025-12-11 21:00:03] ERROR: Failed to extract valid price data
[2025-12-11 22:00:00] Starting Bitcoin price data collection...
[2025-12-11 22:00:10] ERROR: Network connection is down
[2025-12-11 23:00:01] Starting Bitcoin price data collection...
[2025-12-11 23:00:01] Initializing database...
[2025-12-11 23:00:01] Database initialized successfully
[2025-12-11 23:00:01] Fetching data from CoinMarketCap...
[2025-12-11 23:00:03] CoinMarketCap data saved to raw HTML
[2025-12-11 23:00:03] Parsing Bitcoin price data...
[2025-12-11 23:00:03] ERROR: Failed to extract valid price data
[2025-12-12 00:00:01] Starting Bitcoin price data collection...
[2025-12-12 00:00:03] Initializing database...
[2025-12-12 00:00:03] Database initialized successfully
[2025-12-12 00:00:03] Fetching data from CoinMarketCap...
[2025-12-12 00:00:04] CoinMarketCap data saved to raw HTML
[2025-12-12 00:00:04] Parsing Bitcoin price data...
[2025-12-12 00:00:04] ERROR: Failed to extract valid price data
[2025-12-12 01:00:01] Starting Bitcoin price data collection...
[2025-12-12 01:00:10] ERROR: Network connection is down
[2025-12-12 02:00:01] Starting Bitcoin price data collection...
[2025-12-12 02:00:12] ERROR: Network connection is down
[2025-12-12 03:00:01] Starting Bitcoin price data collection...
[2025-12-12 03:00:01] Initializing database...
[2025-12-12 03:00:01] Database initialized successfully
[2025-12-12 03:00:01] Fetching data from CoinMarketCap...
[2025-12-12 03:00:01] CoinMarketCap data saved to raw HTML
[2025-12-12 03:00:02] Parsing Bitcoin price data...
[2025-12-12 03:00:02] ERROR: Failed to extract valid price data
[2025-12-12 04:00:01] Starting Bitcoin price data collection...
[2025-12-12 04:00:01] Initializing database...
[2025-12-12 04:00:01] Database initialized successfully
[2025-12-12 04:00:01] Fetching data from CoinMarketCap...
[2025-12-12 04:00:01] CoinMarketCap data saved to raw HTML
[2025-12-12 04:00:01] Parsing Bitcoin price data...
[2025-12-12 04:00:01] ERROR: Failed to extract valid price data
[2025-12-12 05:00:01] Starting Bitcoin price data collection...
[2025-12-12 05:00:02] Initializing database...
[2025-12-12 05:00:02] Database initialized successfully
[2025-12-12 05:00:02] Fetching data from CoinMarketCap...
[2025-12-12 05:00:02] CoinMarketCap data saved to raw HTML
[2025-12-12 05:00:02] Parsing Bitcoin price data...
[2025-12-12 05:00:02] ERROR: Failed to extract valid price data
[2025-12-12 06:00:01] Starting Bitcoin price data collection...
[2025-12-12 06:00:01] Initializing database...
[2025-12-12 06:00:01] Database initialized successfully
[2025-12-12 06:00:01] Fetching data from CoinMarketCap...
[2025-12-12 06:00:01] CoinMarketCap data saved to raw HTML
[2025-12-12 06:00:01] Parsing Bitcoin price data...
[2025-12-12 06:00:01] ERROR: Failed to extract valid price data
[2025-12-12 07:00:01] Starting Bitcoin price data collection...
[2025-12-12 07:00:01] Initializing database...
[2025-12-12 07:00:01] Database initialized successfully
[2025-12-12 07:00:01] Fetching data from CoinMarketCap...
[2025-12-12 07:00:01] CoinMarketCap data saved to raw HTML
[2025-12-12 07:00:01] Parsing Bitcoin price data...
[2025-12-12 07:00:01] ERROR: Failed to extract valid price data
[2025-12-12 08:00:01] Starting Bitcoin price data collection...
[2025-12-12 08:00:01] Initializing database...
[2025-12-12 08:00:01] Database initialized successfully
[2025-12-12 08:00:01] Fetching data from CoinMarketCap...
[2025-12-12 08:00:01] CoinMarketCap data saved to raw HTML
[2025-12-12 08:00:01] Parsing Bitcoin price data...
[2025-12-12 08:00:01] ERROR: Failed to extract valid price data
[2025-12-12 09:00:01] Starting Bitcoin price data collection...
[2025-12-12 09:00:02] Initializing database...
[2025-12-12 09:00:02] Database initialized successfully
[2025-12-12 09:00:02] Fetching data from CoinMarketCap...
[2025-12-12 09:00:03] CoinMarketCap data saved to raw HTML
[2025-12-12 09:00:03] Parsing Bitcoin price data...
[2025-12-12 09:00:03] ERROR: Failed to extract valid price data
[2025-12-12 10:00:00] Starting Bitcoin price data collection...
[2025-12-12 10:00:01] Initializing database...
[2025-12-12 10:00:01] Database initialized successfully
[2025-12-12 10:00:01] Fetching data from CoinMarketCap...
[2025-12-12 10:08:25] CoinMarketCap data saved to raw HTML
[2025-12-12 10:08:25] Parsing Bitcoin price data...
[2025-12-12 10:08:25] ERROR: Failed to extract valid price data
[2025-12-12 11:00:00] Starting Bitcoin price data collection...
[2025-12-12 11:00:00] Initializing database...
[2025-12-12 11:00:00] Database initialized successfully
[2025-12-12 11:00:00] Fetching data from CoinMarketCap...
[2025-12-12 11:00:00] CoinMarketCap data saved to raw HTML
[2025-12-12 11:00:00] Parsing Bitcoin price data...
[2025-12-12 11:00:00] ERROR: Failed to extract valid price data
[2025-12-12 12:00:01] Starting Bitcoin price data collection...
[2025-12-12 12:00:11] ERROR: Network connection is down
[2025-12-12 13:00:01] Starting Bitcoin price data collection...
[2025-12-12 13:00:01] Initializing database...
[2025-12-12 13:00:01] Database initialized successfully
[2025-12-12 13:00:01] Fetching data from CoinMarketCap...
[2025-12-12 13:00:02] CoinMarketCap data saved to raw HTML
[2025-12-12 13:00:02] Parsing Bitcoin price data...
[2025-12-12 13:00:02] ERROR: Failed to extract valid price data
[2025-12-12 14:00:00] Starting Bitcoin price data collection...
[2025-12-12 14:00:10] ERROR: Network connection is down
[2025-12-12 15:00:01] Starting Bitcoin price data collection...
[2025-12-12 15:00:10] Initializing database...
[2025-12-12 15:00:10] Database initialized successfully
[2025-12-12 15:00:10] Fetching data from CoinMarketCap...
[2025-12-12 15:01:07] CoinMarketCap data saved to raw HTML
[2025-12-12 15:01:07] Parsing Bitcoin price data...
[2025-12-12 15:01:07] ERROR: Failed to extract valid price data
[2025-12-12 16:00:01] Starting Bitcoin price data collection...
[2025-12-12 16:00:11] ERROR: Network connection is down
[2025-12-12 17:00:01] Starting Bitcoin price data collection...
[2025-12-12 17:00:11] ERROR: Network connection is down
[2025-12-12 18:00:01] Starting Bitcoin price data collection...
[2025-12-12 18:00:01] Initializing database...
[2025-12-12 18:00:01] Database initialized successfully
[2025-12-12 18:00:01] Fetching data from CoinMarketCap...
[2025-12-12 18:05:01] CoinMarketCap data saved to raw HTML
[2025-12-12 18:05:01] Parsing Bitcoin price data...
[2025-12-12 18:05:01] ERROR: Failed to extract valid price data
[2025-12-12 19:00:01] Starting Bitcoin price data collection...
[2025-12-12 19:00:01] Initializing database...
[2025-12-12 19:00:01] Database initialized successfully
[2025-12-12 19:00:01] Fetching data from CoinMarketCap...
[2025-12-12 19:00:01] CoinMarketCap data saved to raw HTML
[2025-12-12 19:00:01] Parsing Bitcoin price data...
[2025-12-12 19:00:01] ERROR: Failed to extract valid price data
[2025-12-12 20:00:01] Starting Bitcoin price data collection...
[2025-12-12 20:00:13] ERROR: Network connection is down
[2025-12-12 21:00:01] Starting Bitcoin price data collection...
[2025-12-12 21:00:11] ERROR: Network connection is down
[2025-12-12 22:00:00] Starting Bitcoin price data collection...
[2025-12-12 22:00:07] ERROR: Network connection is down
[2025-12-12 23:00:01] Starting Bitcoin price data collection...
[2025-12-12 23:00:11] ERROR: Network connection is down
[2025-12-13 00:00:01] Starting Bitcoin price data collection...
[2025-12-13 00:00:11] Initializing database...
[2025-12-13 00:00:12] Database initialized successfully
[2025-12-13 00:00:12] Fetching data from CoinMarketCap...
[2025-12-13 00:00:12] CoinMarketCap data saved to raw HTML
[2025-12-13 00:00:12] Parsing Bitcoin price data...
[2025-12-13 00:00:12] ERROR: Failed to extract valid price data
[2025-12-13 01:00:01] Starting Bitcoin price data collection...
[2025-12-13 01:00:01] Initializing database...
[2025-12-13 01:00:01] Database initialized successfully
[2025-12-13 01:00:01] Fetching data from CoinMarketCap...
[2025-12-13 01:00:02] CoinMarketCap data saved to raw HTML
[2025-12-13 01:00:02] Parsing Bitcoin price data...
[2025-12-13 01:00:02] ERROR: Failed to extract valid price data
[2025-12-13 02:00:01] Starting Bitcoin price data collection...
[2025-12-13 02:00:11] ERROR: Network connection is down
[2025-12-13 03:00:01] Starting Bitcoin price data collection...
[2025-12-13 03:00:01] Initializing database...
[2025-12-13 03:00:01] Database initialized successfully
[2025-12-13 03:00:01] Fetching data from CoinMarketCap...
[2025-12-13 03:00:00] CoinMarketCap data saved to raw HTML
[2025-12-13 03:00:00] Parsing Bitcoin price data...
[2025-12-13 03:00:00] ERROR: Failed to extract valid price data
[2025-12-13 04:00:01] Starting Bitcoin price data collection...
[2025-12-13 04:00:01] Initializing database...
[2025-12-13 04:00:01] Database initialized successfully
[2025-12-13 04:00:01] Fetching data from CoinMarketCap...
[2025-12-13 04:00:02] CoinMarketCap data saved to raw HTML
[2025-12-13 04:00:02] Parsing Bitcoin price data...
[2025-12-13 04:00:02] ERROR: Failed to extract valid price data
[2025-12-13 05:00:01] Starting Bitcoin price data collection...
[2025-12-13 05:00:11] ERROR: Network connection is down
[2025-12-13 06:00:01] Starting Bitcoin price data collection...
[2025-12-13 06:00:11] ERROR: Network connection is down
[2025-12-13 07:00:01] Starting Bitcoin price data collection...
[2025-12-13 07:00:11] ERROR: Network connection is down
[2025-12-13 08:00:01] Starting Bitcoin price data collection...
[2025-12-13 08:00:11] ERROR: Network connection is down
[2025-12-13 09:00:01] Starting Bitcoin price data collection...
[2025-12-13 09:00:11] ERROR: Network connection is down
[2025-12-13 10:00:01] Starting Bitcoin price data collection...
[2025-12-13 10:00:11] ERROR: Network connection is down
[2025-12-13 11:00:01] Starting Bitcoin price data collection...
[2025-12-13 11:00:11] ERROR: Network connection is down
[2025-12-13 12:00:01] Starting Bitcoin price data collection...
[2025-12-13 12:00:11] ERROR: Network connection is down
[2025-12-13 13:00:01] Starting Bitcoin price data collection...
[2025-12-13 13:00:11] ERROR: Network connection is down
[2025-12-13 14:00:01] Starting Bitcoin price data collection...
[2025-12-13 14:00:11] ERROR: Network connection is down
[2025-12-13 15:00:01] Starting Bitcoin price data collection...
[2025-12-13 15:00:11] ERROR: Network connection is down
[2025-12-13 16:00:01] Starting Bitcoin price data collection...
[2025-12-13 16:00:11] ERROR: Network connection is down
[2025-12-13 17:00:01] Starting Bitcoin price data collection...
[2025-12-13 17:00:01] Initializing database...
[2025-12-13 17:00:01] Database initialized successfully
[2025-12-13 17:00:01] Fetching data from CoinMarketCap...
[2025-12-13 17:00:01] CoinMarketCap data saved to raw HTML
[2025-12-13 17:00:01] Parsing Bitcoin price data...
[2025-12-13 17:00:01] ERROR: Failed to extract valid price data
[2025-12-13 18:00:01] Starting Bitcoin price data collection...
[2025-12-13 18:00:01] Initializing database...
[2025-12-13 18:00:01] Database initialized successfully
[2025-12-13 18:00:01] Fetching data from CoinMarketCap...
[2025-12-13 18:00:02] CoinMarketCap data saved to raw HTML
[2025-12-13 18:00:02] Parsing Bitcoin price data...
[2025-12-13 18:00:02] ERROR: Failed to extract valid price data
[2025-12-13 19:00:01] Starting Bitcoin price data collection...
[2025-12-13 19:00:01] Initializing database...
[2025-12-13 19:00:01] Database initialized successfully
[2025-12-13 19:00:01] Fetching data from CoinMarketCap...
[2025-12-13 19:00:01] CoinMarketCap data saved to raw HTML
[2025-12-13 19:00:01] Parsing Bitcoin price data...
[2025-12-13 19:00:01] ERROR: Failed to extract valid price data
[2025-12-13 20:00:01] Starting Bitcoin price data collection...
[2025-12-13 20:00:01] Initializing database...
[2025-12-13 20:00:01] Database initialized successfully
[2025-12-13 20:00:01] Fetching data from CoinMarketCap...
[2025-12-13 20:00:02] CoinMarketCap data saved to raw HTML
[2025-12-13 20:00:02] Parsing Bitcoin price data...
[2025-12-13 20:00:02] ERROR: Failed to extract valid price data
[2025-12-13 21:00:01] Starting Bitcoin price data collection...
[2025-12-13 21:00:01] Initializing database...
[2025-12-13 21:00:01] Database initialized successfully
[2025-12-13 21:00:01] Fetching data from CoinMarketCap...
[2025-12-13 21:00:01] CoinMarketCap data saved to raw HTML
[2025-12-13 21:00:01] Parsing Bitcoin price data...
[2025-12-13 21:00:01] ERROR: Failed to extract valid price data
[2025-12-13 22:00:01] Starting Bitcoin price data collection...
[2025-12-13 22:00:01] Initializing database...
[2025-12-13 22:00:01] Database initialized successfully
[2025-12-13 22:00:01] Fetching data from CoinMarketCap...
[2025-12-13 22:00:01] CoinMarketCap data saved to raw HTML
[2025-12-13 22:00:01] Parsing Bitcoin price data...
[2025-12-13 22:00:01] ERROR: Failed to extract valid price data
[2025-12-13 23:00:01] Starting Bitcoin price data collection...
[2025-12-13 23:00:13] Initializing database...
[2025-12-13 23:00:13] Database initialized successfully
[2025-12-13 23:00:13] Fetching data from CoinMarketCap...
[2025-12-13 23:00:15] CoinMarketCap data saved to raw HTML
[2025-12-13 23:00:15] Parsing Bitcoin price data...
[2025-12-13 23:00:16] ERROR: Failed to extract valid price data
[2025-12-14 00:00:01] Starting Bitcoin price data collection...
[2025-12-14 00:00:01] Initializing database...
[2025-12-14 00:00:01] Database initialized successfully
[2025-12-14 00:00:01] Fetching data from CoinMarketCap...
[2025-12-14 00:00:01] CoinMarketCap data saved to raw HTML
[2025-12-14 00:00:01] Parsing Bitcoin price data...
[2025-12-14 00:00:01] ERROR: Failed to extract valid price data
[2025-12-14 01:00:01] Starting Bitcoin price data collection...
[2025-12-14 01:00:01] Initializing database...
[2025-12-14 01:00:01] Database initialized successfully
[2025-12-14 01:00:01] Fetching data from CoinMarketCap...
[2025-12-14 01:00:02] CoinMarketCap data saved to raw HTML
[2025-12-14 01:00:02] Parsing Bitcoin price data...
[2025-12-14 01:00:02] ERROR: Failed to extract valid price data
[2025-12-14 02:00:01] Starting Bitcoin price data collection...
[2025-12-14 02:00:01] Initializing database...
[2025-12-14 02:00:01] Database initialized successfully
[2025-12-14 02:00:01] Fetching data from CoinMarketCap...
[2025-12-14 02:00:03] CoinMarketCap data saved to raw HTML
[2025-12-14 02:00:03] Parsing Bitcoin price data...
[2025-12-14 02:00:03] ERROR: Failed to extract valid price data
[2025-12-14 03:00:01] Starting Bitcoin price data collection...
[2025-12-14 03:00:11] ERROR: Network connection is down
[2025-12-14 04:00:01] Starting Bitcoin price data collection...
[2025-12-14 04:00:02] Initializing database...
[2025-12-14 04:00:02] Database initialized successfully
[2025-12-14 04:00:02] Fetching data from CoinMarketCap...
[2025-12-14 04:00:02] CoinMarketCap data saved to raw HTML
[2025-12-14 04:00:02] Parsing Bitcoin price data...
[2025-12-14 04:00:02] ERROR: Failed to extract valid price data
[2025-12-14 05:00:01] Starting Bitcoin price data collection...
[2025-12-14 05:00:09] ERROR: Network connection is down
[2025-12-14 06:00:01] Starting Bitcoin price data collection...
[2025-12-14 06:00:01] Initializing database...
[2025-12-14 06:00:01] Database initialized successfully
[2025-12-14 06:00:01] Fetching data from CoinMarketCap...
[2025-12-14 06:00:01] CoinMarketCap data saved to raw HTML
[2025-12-14 06:00:01] Parsing Bitcoin price data...
[2025-12-14 06:00:01] ERROR: Failed to extract valid price data
[2025-12-14 07:00:01] Starting Bitcoin price data collection...
[2025-12-14 07:00:01] Initializing database...
[2025-12-14 07:00:01] Database initialized successfully
[2025-12-14 07:00:01] Fetching data from CoinMarketCap...
[2025-12-14 07:00:01] CoinMarketCap data saved to raw HTML
[2025-12-14 07:00:01] Parsing Bitcoin price data...
[2025-12-14 07:00:01] ERROR: Failed to extract valid price data
[2025-12-14 08:00:01] Starting Bitcoin price data collection...
[2025-12-14 08:00:01] Initializing database...
[2025-12-14 08:00:01] Database initialized successfully
[2025-12-14 08:00:01] Fetching data from CoinMarketCap...
[2025-12-14 08:00:01] CoinMarketCap data saved to raw HTML
[2025-12-14 08:00:01] Parsing Bitcoin price data...
[2025-12-14 08:00:02] ERROR: Failed to extract valid price data
[2025-12-14 09:00:01] Starting Bitcoin price data collection...
[2025-12-14 09:00:01] Initializing database...
[2025-12-14 09:00:01] Database initialized successfully
[2025-12-14 09:00:01] Fetching data from CoinMarketCap...
[2025-12-14 09:00:01] CoinMarketCap data saved to raw HTML
[2025-12-14 09:00:01] Parsing Bitcoin price data...
[2025-12-14 09:00:01] ERROR: Failed to extract valid price data
[2025-12-14 10:00:01] Starting Bitcoin price data collection...
[2025-12-14 10:00:01] Initializing database...
[2025-12-14 10:00:01] Database initialized successfully
[2025-12-14 10:00:01] Fetching data from CoinMarketCap...
[2025-12-14 10:00:01] CoinMarketCap data saved to raw HTML
[2025-12-14 10:00:01] Parsing Bitcoin price data...
[2025-12-14 10:00:01] ERROR: Failed to extract valid price data
[2025-12-14 11:00:01] Starting Bitcoin price data collection...
[2025-12-14 11:00:02] Initializing database...
[2025-12-14 11:00:02] Database initialized successfully
[2025-12-14 11:00:02] Fetching data from CoinMarketCap...
[2025-12-14 11:00:02] CoinMarketCap data saved to raw HTML
[2025-12-14 11:00:02] Parsing Bitcoin price data...
[2025-12-14 11:00:02] ERROR: Failed to extract valid price data
[2025-12-14 12:00:01] Starting Bitcoin price data collection...
[2025-12-14 12:00:01] Initializing database...
[2025-12-14 12:00:02] Database initialized successfully
[2025-12-14 12:00:02] Fetching data from CoinMarketCap...
[2025-12-14 12:00:02] CoinMarketCap data saved to raw HTML
[2025-12-14 12:00:02] Parsing Bitcoin price data...
[2025-12-14 12:00:02] ERROR: Failed to extract valid price data
[2025-12-14 13:00:01] Starting Bitcoin price data collection...
[2025-12-14 13:00:01] Initializing database...
[2025-12-14 13:00:01] Database initialized successfully
[2025-12-14 13:00:01] Fetching data from CoinMarketCap...
[2025-12-14 13:00:01] CoinMarketCap data saved to raw HTML
[2025-12-14 13:00:01] Parsing Bitcoin price data...
[2025-12-14 13:00:01] ERROR: Failed to extract valid price data
[2025-12-14 14:00:01] Starting Bitcoin price data collection...
[2025-12-14 14:00:02] Initializing database...
[2025-12-14 14:00:02] Database initialized successfully
[2025-12-14 14:00:02] Fetching data from CoinMarketCap...
[2025-12-14 14:00:02] CoinMarketCap data saved to raw HTML
[2025-12-14 14:00:02] Parsing Bitcoin price data...
[2025-12-14 14:00:02] ERROR: Failed to extract valid price data
[2025-12-14 15:00:01] Starting Bitcoin price data collection...
[2025-12-14 15:00:01] Initializing database...
[2025-12-14 15:00:01] Database initialized successfully
[2025-12-14 15:00:01] Fetching data from CoinMarketCap...
[2025-12-14 15:00:02] CoinMarketCap data saved to raw HTML
[2025-12-14 15:00:02] Parsing Bitcoin price data...
[2025-12-14 15:00:02] ERROR: Failed to extract valid price data
[2025-12-14 16:00:01] Starting Bitcoin price data collection...
[2025-12-14 16:00:01] Initializing database...
[2025-12-14 16:00:01] Database initialized successfully
[2025-12-14 16:00:01] Fetching data from CoinMarketCap...
[2025-12-14 16:00:02] CoinMarketCap data saved to raw HTML
[2025-12-14 16:00:02] Parsing Bitcoin price data...
[2025-12-14 16:00:02] ERROR: Failed to extract valid price data
[2025-12-14 17:00:01] Starting Bitcoin price data collection...
[2025-12-14 17:00:11] ERROR: Network connection is down
[2025-12-14 18:00:01] Starting Bitcoin price data collection...
[2025-12-14 18:00:01] Initializing database...
[2025-12-14 18:00:01] Database initialized successfully
[2025-12-14 18:00:01] Fetching data from CoinMarketCap...
[2025-12-14 18:00:01] CoinMarketCap data saved to raw HTML
[2025-12-14 18:00:01] Parsing Bitcoin price data...
[2025-12-14 18:00:01] ERROR: Failed to extract valid price data
[2025-12-14 19:00:00] Starting Bitcoin price data collection...
[2025-12-14 19:00:01] Initializing database...
[2025-12-14 19:00:01] Database initialized successfully
[2025-12-14 19:00:01] Fetching data from CoinMarketCap...
[2025-12-14 19:00:01] CoinMarketCap data saved to raw HTML
[2025-12-14 19:00:01] Parsing Bitcoin price data...
[2025-12-14 19:00:01] ERROR: Failed to extract valid price data
[2025-12-14 20:00:00] Starting Bitcoin price data collection...
[2025-12-14 20:00:00] Initializing database...
[2025-12-14 20:00:00] Database initialized successfully
[2025-12-14 20:00:00] Fetching data from CoinMarketCap...
[2025-12-14 20:00:00] CoinMarketCap data saved to raw HTML
[2025-12-14 20:00:00] Parsing Bitcoin price data...
[2025-12-14 20:00:00] ERROR: Failed to extract valid price data
[2025-12-14 21:00:00] Starting Bitcoin price data collection...
[2025-12-14 21:00:00] Initializing database...
[2025-12-14 21:00:00] Database initialized successfully
[2025-12-14 21:00:00] Fetching data from CoinMarketCap...
[2025-12-14 21:00:00] CoinMarketCap data saved to raw HTML
[2025-12-14 21:00:00] Parsing Bitcoin price data...
[2025-12-14 21:00:00] ERROR: Failed to extract valid price data
[2025-12-14 22:00:01] Starting Bitcoin price data collection...
[2025-12-14 22:00:01] Initializing database...
[2025-12-14 22:00:01] Database initialized successfully
[2025-12-14 22:00:01] Fetching data from CoinMarketCap...
[2025-12-14 22:00:02] CoinMarketCap data saved to raw HTML
[2025-12-14 22:00:02] Parsing Bitcoin price data...
[2025-12-14 22:00:02] ERROR: Failed to extract valid price data
[2025-12-14 23:00:01] Starting Bitcoin price data collection...
[2025-12-14 23:00:10] ERROR: Network connection is down
[2025-12-15 00:00:00] Starting Bitcoin price data collection...
[2025-12-15 00:00:10] ERROR: Network connection is down
[2025-12-15 01:00:00] Starting Bitcoin price data collection...
[2025-12-15 01:00:10] ERROR: Network connection is down
[2025-12-15 02:00:01] Starting Bitcoin price data collection...
[2025-12-15 02:00:01] Initializing database...
[2025-12-15 02:00:01] Database initialized successfully
[2025-12-15 02:00:01] Fetching data from CoinMarketCap...
[2025-12-15 02:00:02] CoinMarketCap data saved to raw HTML
[2025-12-15 02:00:02] Parsing Bitcoin price data...
[2025-12-15 02:00:02] ERROR: Failed to extract valid price data
[2025-12-15 03:00:01] Starting Bitcoin price data collection...
[2025-12-15 03:00:01] Initializing database...
[2025-12-15 03:00:01] Database initialized successfully
[2025-12-15 03:00:01] Fetching data from CoinMarketCap...
[2025-12-15 03:00:01] CoinMarketCap data saved to raw HTML
[2025-12-15 03:00:01] Parsing Bitcoin price data...
[2025-12-15 03:00:01] ERROR: Failed to extract valid price data
[2025-12-15 04:00:02] Starting Bitcoin price data collection...
[2025-12-15 04:00:02] Initializing database...
[2025-12-15 04:00:02] Database initialized successfully
[2025-12-15 04:00:02] Fetching data from CoinMarketCap...
[2025-12-15 04:00:02] CoinMarketCap data saved to raw HTML
[2025-12-15 04:00:02] Parsing Bitcoin price data...
[2025-12-15 04:00:02] ERROR: Failed to extract valid price data
[2025-12-15 05:00:00] Starting Bitcoin price data collection...
[2025-12-15 05:00:00] Initializing database...
[2025-12-15 05:00:00] Database initialized successfully
[2025-12-15 05:00:00] Fetching data from CoinMarketCap...
[2025-12-15 05:00:01] CoinMarketCap data saved to raw HTML
[2025-12-15 05:00:01] Parsing Bitcoin price data...
[2025-12-15 05:00:01] ERROR: Failed to extract valid price data
[2025-12-15 06:00:01] Starting Bitcoin price data collection...
[2025-12-15 06:00:01] Initializing database...
[2025-12-15 06:00:01] Database initialized successfully
[2025-12-15 06:00:01] Fetching data from CoinMarketCap...
[2025-12-15 06:00:02] CoinMarketCap data saved to raw HTML
[2025-12-15 06:00:02] Parsing Bitcoin price data...
[2025-12-15 06:00:02] ERROR: Failed to extract valid price data
[2025-12-15 07:00:01] Starting Bitcoin price data collection...
[2025-12-15 07:00:01] Initializing database...
[2025-12-15 07:00:01] Database initialized successfully
[2025-12-15 07:00:01] Fetching data from CoinMarketCap...
[2025-12-15 07:00:02] CoinMarketCap data saved to raw HTML
[2025-12-15 07:00:02] Parsing Bitcoin price data...
[2025-12-15 07:00:02] ERROR: Failed to extract valid price data
[2025-12-15 08:00:01] Starting Bitcoin price data collection...
[2025-12-15 08:00:01] Initializing database...
[2025-12-15 08:00:01] Database initialized successfully
[2025-12-15 08:00:01] Fetching data from CoinMarketCap...
[2025-12-15 08:00:01] CoinMarketCap data saved to raw HTML
[2025-12-15 08:00:01] Parsing Bitcoin price data...
[2025-12-15 08:00:01] ERROR: Failed to extract valid price data
[2025-12-15 09:00:00] Starting Bitcoin price data collection...
[2025-12-15 09:00:00] Initializing database...
[2025-12-15 09:00:00] Database initialized successfully
[2025-12-15 09:00:00] Fetching data from CoinMarketCap...
[2025-12-15 09:00:00] CoinMarketCap data saved to raw HTML
[2025-12-15 09:00:00] Parsing Bitcoin price data...
[2025-12-15 09:00:00] ERROR: Failed to extract valid price data
[2025-12-15 10:00:01] Starting Bitcoin price data collection...
[2025-12-15 10:00:01] Initializing database...
[2025-12-15 10:00:01] Database initialized successfully
[2025-12-15 10:00:01] Fetching data from CoinMarketCap...
[2025-12-15 10:00:01] CoinMarketCap data saved to raw HTML
[2025-12-15 10:00:01] Parsing Bitcoin price data...
[2025-12-15 10:00:01] ERROR: Failed to extract valid price data
[2025-12-15 11:00:01] Starting Bitcoin price data collection...
[2025-12-15 11:00:01] Initializing database...
[2025-12-15 11:00:01] Database initialized successfully
[2025-12-15 11:00:01] Fetching data from CoinMarketCap...
[2025-12-15 11:00:01] CoinMarketCap data saved to raw HTML
[2025-12-15 11:00:01] Parsing Bitcoin price data...
[2025-12-15 11:00:01] ERROR: Failed to extract valid price data
[2025-12-15 12:00:01] Starting Bitcoin price data collection...
[2025-12-15 12:00:01] Initializing database...
[2025-12-15 12:00:01] Database initialized successfully
[2025-12-15 12:00:01] Fetching data from CoinMarketCap...
[2025-12-15 12:00:02] CoinMarketCap data saved to raw HTML
[2025-12-15 12:00:02] Parsing Bitcoin price data...
[2025-12-15 12:00:02] ERROR: Failed to extract valid price data
